<?xml version="1.0" encoding="UTF-8"?>
<testng-results ignored="0" total="6" passed="6" failed="0" skipped="0">
  <reporter-output>
  </reporter-output>
  <suite started-at="2023-12-11T11:52:42 IST" name="Basic Sanity Tests" finished-at="2023-12-11T11:53:25 IST" duration-ms="42883">
    <groups>
    </groups>
    <test started-at="2023-12-11T11:52:42 IST" name="Your Store Home Page Test - Chrome" finished-at="2023-12-11T11:53:18 IST" duration-ms="35532">
      <class name="tests.HomePageTests">
        <test-method is-config="true" signature="setUp(java.lang.reflect.Method)[pri:0, instance:tests.HomePageTests@790da477]" started-at="2023-12-11T11:52:42 IST" name="setUp" finished-at="2023-12-11T11:52:47 IST" duration-ms="4469" status="PASS">
          <params>
            <param index="0">
              <value>
                <![CDATA[public void tests.HomePageTests.homePage_VerifyPageTitle()]]>
              </value>
            </param>
          </params>
          <reporter-output>
          </reporter-output>
        </test-method> <!-- setUp -->
        <test-method signature="homePage_VerifyPageTitle()[pri:1, instance:tests.HomePageTests@790da477]" started-at="2023-12-11T11:52:47 IST" name="homePage_VerifyPageTitle" finished-at="2023-12-11T11:52:47 IST" duration-ms="24" status="PASS">
          <reporter-output>
          </reporter-output>
        </test-method> <!-- homePage_VerifyPageTitle -->
        <test-method is-config="true" signature="tearDown()[pri:0, instance:tests.HomePageTests@790da477]" started-at="2023-12-11T11:52:47 IST" name="tearDown" finished-at="2023-12-11T11:52:47 IST" duration-ms="355" status="PASS">
          <reporter-output>
          </reporter-output>
        </test-method> <!-- tearDown -->
        <test-method is-config="true" signature="setUp(java.lang.reflect.Method)[pri:0, instance:tests.HomePageTests@790da477]" started-at="2023-12-11T11:52:47 IST" name="setUp" finished-at="2023-12-11T11:52:50 IST" duration-ms="2721" status="PASS">
          <params>
            <param index="0">
              <value>
                <![CDATA[public void tests.HomePageTests.homePage_VerifyChangeCurrencyToEuro()]]>
              </value>
            </param>
          </params>
          <reporter-output>
          </reporter-output>
        </test-method> <!-- setUp -->
        <test-method signature="homePage_VerifyChangeCurrencyToEuro()[pri:2, instance:tests.HomePageTests@790da477]" started-at="2023-12-11T11:52:50 IST" name="homePage_VerifyChangeCurrencyToEuro" finished-at="2023-12-11T11:52:50 IST" duration-ms="685" status="PASS">
          <reporter-output>
          </reporter-output>
        </test-method> <!-- homePage_VerifyChangeCurrencyToEuro -->
        <test-method is-config="true" signature="tearDown()[pri:0, instance:tests.HomePageTests@790da477]" started-at="2023-12-11T11:52:50 IST" name="tearDown" finished-at="2023-12-11T11:52:51 IST" duration-ms="217" status="PASS">
          <reporter-output>
          </reporter-output>
        </test-method> <!-- tearDown -->
        <test-method is-config="true" signature="setUp(java.lang.reflect.Method)[pri:0, instance:tests.HomePageTests@790da477]" started-at="2023-12-11T11:52:51 IST" name="setUp" finished-at="2023-12-11T11:53:14 IST" duration-ms="23102" status="PASS">
          <params>
            <param index="0">
              <value>
                <![CDATA[public void tests.HomePageTests.homePage_VerifySearchForIphone()]]>
              </value>
            </param>
          </params>
          <reporter-output>
          </reporter-output>
        </test-method> <!-- setUp -->
        <test-method signature="homePage_VerifySearchForIphone()[pri:3, instance:tests.HomePageTests@790da477]" started-at="2023-12-11T11:53:14 IST" name="homePage_VerifySearchForIphone" finished-at="2023-12-11T11:53:14 IST" duration-ms="804" status="PASS">
          <reporter-output>
          </reporter-output>
        </test-method> <!-- homePage_VerifySearchForIphone -->
        <test-method is-config="true" signature="tearDown()[pri:0, instance:tests.HomePageTests@790da477]" started-at="2023-12-11T11:53:14 IST" name="tearDown" finished-at="2023-12-11T11:53:15 IST" duration-ms="252" status="PASS">
          <reporter-output>
          </reporter-output>
        </test-method> <!-- tearDown -->
        <test-method is-config="true" signature="setUp(java.lang.reflect.Method)[pri:0, instance:tests.HomePageTests@790da477]" started-at="2023-12-11T11:53:15 IST" name="setUp" finished-at="2023-12-11T11:53:17 IST" duration-ms="2391" status="PASS">
          <params>
            <param index="0">
              <value>
                <![CDATA[public void tests.HomePageTests.homePage_VerifyShoppingCart()]]>
              </value>
            </param>
          </params>
          <reporter-output>
          </reporter-output>
        </test-method> <!-- setUp -->
        <test-method signature="homePage_VerifyShoppingCart()[pri:4, instance:tests.HomePageTests@790da477]" started-at="2023-12-11T11:53:17 IST" name="homePage_VerifyShoppingCart" finished-at="2023-12-11T11:53:17 IST" duration-ms="201" status="PASS">
          <reporter-output>
          </reporter-output>
        </test-method> <!-- homePage_VerifyShoppingCart -->
        <test-method is-config="true" signature="tearDown()[pri:0, instance:tests.HomePageTests@790da477]" started-at="2023-12-11T11:53:17 IST" name="tearDown" finished-at="2023-12-11T11:53:18 IST" duration-ms="259" status="PASS">
          <reporter-output>
          </reporter-output>
        </test-method> <!-- tearDown -->
      </class> <!-- tests.HomePageTests -->
    </test> <!-- Your Store Home Page Test - Chrome -->
    <test started-at="2023-12-11T11:53:18 IST" name="Your Store Login Page Test - Chrome" finished-at="2023-12-11T11:53:25 IST" duration-ms="6946">
      <class name="tests.LoginPageTests">
        <test-method is-config="true" signature="setUp(java.lang.reflect.Method)[pri:0, instance:tests.LoginPageTests@798162bc]" started-at="2023-12-11T11:53:18 IST" name="setUp" finished-at="2023-12-11T11:53:21 IST" duration-ms="2550" status="PASS">
          <params>
            <param index="0">
              <value>
                <![CDATA[public void tests.LoginPageTests.loginPage_verifyLoginPageTitle()]]>
              </value>
            </param>
          </params>
          <reporter-output>
          </reporter-output>
        </test-method> <!-- setUp -->
        <test-method signature="loginPage_verifyLoginPageTitle()[pri:1, instance:tests.LoginPageTests@798162bc]" started-at="2023-12-11T11:53:21 IST" name="loginPage_verifyLoginPageTitle" finished-at="2023-12-11T11:53:21 IST" duration-ms="465" status="PASS">
          <reporter-output>
          </reporter-output>
        </test-method> <!-- loginPage_verifyLoginPageTitle -->
        <test-method is-config="true" signature="tearDown()[pri:0, instance:tests.LoginPageTests@798162bc]" started-at="2023-12-11T11:53:21 IST" name="tearDown" finished-at="2023-12-11T11:53:21 IST" duration-ms="289" status="PASS">
          <reporter-output>
          </reporter-output>
        </test-method> <!-- tearDown -->
        <test-method is-config="true" signature="setUp(java.lang.reflect.Method)[pri:0, instance:tests.LoginPageTests@798162bc]" started-at="2023-12-11T11:53:21 IST" name="setUp" finished-at="2023-12-11T11:53:23 IST" duration-ms="2163" status="PASS">
          <params>
            <param index="0">
              <value>
                <![CDATA[public void tests.LoginPageTests.loginPage_verifyLogin()]]>
              </value>
            </param>
          </params>
          <reporter-output>
          </reporter-output>
        </test-method> <!-- setUp -->
        <test-method signature="loginPage_verifyLogin()[pri:2, instance:tests.LoginPageTests@798162bc]" started-at="2023-12-11T11:53:23 IST" name="loginPage_verifyLogin" finished-at="2023-12-11T11:53:25 IST" duration-ms="1228" status="PASS">
          <reporter-output>
          </reporter-output>
        </test-method> <!-- loginPage_verifyLogin -->
        <test-method is-config="true" signature="tearDown()[pri:0, instance:tests.LoginPageTests@798162bc]" started-at="2023-12-11T11:53:25 IST" name="tearDown" finished-at="2023-12-11T11:53:25 IST" duration-ms="247" status="PASS">
          <reporter-output>
          </reporter-output>
        </test-method> <!-- tearDown -->
      </class> <!-- tests.LoginPageTests -->
    </test> <!-- Your Store Login Page Test - Chrome -->
  </suite> <!-- Basic Sanity Tests -->
</testng-results>
