<?xml version="1.0" encoding="UTF-8"?>
<!-- Generated by org.testng.reporters.JUnitXMLReporter -->
<testsuite ignored="0" hostname="DESKTOP-ASVD3LO" failures="0" tests="4" name="Your Store Home Page Test - Chrome" time="35.532" errors="0" timestamp="2023-12-11T11:53:18 IST">
  <testcase classname="tests.HomePageTests" name="homePage_VerifyPageTitle" time="0.024"/>
  <testcase classname="tests.HomePageTests" name="homePage_VerifyChangeCurrencyToEuro" time="0.685"/>
  <testcase classname="tests.HomePageTests" name="homePage_VerifySearchForIphone" time="0.804"/>
  <testcase classname="tests.HomePageTests" name="homePage_VerifyShoppingCart" time="0.201"/>
</testsuite> <!-- Your Store Home Page Test - Chrome -->
