<?xml version="1.0" encoding="UTF-8"?>
<!-- Generated by org.testng.reporters.JUnitXMLReporter -->
<testsuite ignored="0" hostname="DESKTOP-ASVD3LO" failures="0" tests="2" name="Your Store Login Page Test - Chrome" time="6.946" errors="0" timestamp="2023-12-11T11:53:25 IST">
  <testcase classname="tests.LoginPageTests" name="loginPage_verifyLoginPageTitle" time="0.465"/>
  <testcase classname="tests.LoginPageTests" name="loginPage_verifyLogin" time="1.228"/>
</testsuite> <!-- Your Store Login Page Test - Chrome -->
